<?xml version="1.0" encoding="UTF-8"?>
<testsuite xmlns:xsi="http://www.w3.org/2001/XMLSchema-instance" xsi:noNamespaceSchemaLocation="https://maven.apache.org/surefire/maven-surefire-plugin/xsd/surefire-test-report.xsd" name="TestPhoneCleaner" time="0.091" tests="8" errors="0" skipped="0" failures="0">
  <properties>
[...]
</properties>
  <testcase name="simpleCleanPhoneSeparateDash" classname="TestPhoneCleaner" time="0.038"/>
  <testcase name="phoneNumberWithoutCountryCode" classname="TestPhoneCleaner" time="0.004"/>
  <testcase name="cleanPhoneInnerCountryCode" classname="TestPhoneCleaner" time="0.003"/>
  <testcase name="simpleCleanPhoneSeparateBracket" classname="TestPhoneCleaner" time="0.003"/>
  <testcase name="phoneNumberTooLong" classname="TestPhoneCleaner" time="0.003"/>
  <testcase name="checkRegularExpression" classname="TestPhoneCleaner" time="0.012"/>
  <testcase name="countryCodeNotRu" classname="TestPhoneCleaner" time="0.006"/>
  <testcase name="phoneNumberTooShort" classname="TestPhoneCleaner" time="0.004"/>
</testsuite>