<?xml version="1.0" encoding="UTF-8"?>
<testsuite xmlns:xsi="http://www.w3.org/2001/XMLSchema-instance" xsi:noNamespaceSchemaLocation="https://maven.apache.org/surefire/maven-surefire-plugin/xsd/surefire-test-report.xsd" name="TodoListTest" time="0.143" tests="8" errors="0" skipped="0" failures="7">
  <properties>
    <property name="java.specification.version" value="15"/>
    <property name="sun.cpu.isalist" value="amd64"/>
    <property name="sun.jnu.encoding" value="Cp1251"/>
    <property name="java.class.path" value="C:\Users\SuperUser\Desktop\java_basics\09_ArraysAndCollections\homework_9.2\TodoList\target\test-classes;C:\Users\SuperUser\Desktop\java_basics\09_ArraysAndCollections\homework_9.2\TodoList\target\classes;C:\Users\SuperUser\.m2\repository\org\junit\jupiter\junit-jupiter-api\5.6.2\junit-jupiter-api-5.6.2.jar;C:\Users\SuperUser\.m2\repository\org\apiguardian\apiguardian-api\1.1.0\apiguardian-api-1.1.0.jar;C:\Users\SuperUser\.m2\repository\org\opentest4j\opentest4j\1.2.0\opentest4j-1.2.0.jar;C:\Users\SuperUser\.m2\repository\org\junit\platform\junit-platform-commons\1.6.2\junit-platform-commons-1.6.2.jar;C:\Users\SuperUser\.m2\repository\org\junit\jupiter\junit-jupiter-engine\5.6.2\junit-jupiter-engine-5.6.2.jar;C:\Users\SuperUser\.m2\repository\org\junit\platform\junit-platform-engine\1.6.2\junit-platform-engine-1.6.2.jar;C:\Users\SuperUser\.m2\repository\com\puppycrawl\tools\checkstyle\8.34\checkstyle-8.34.jar;C:\Users\SuperUser\.m2\repository\info\picocli\picocli\4.3.2\picocli-4.3.2.jar;C:\Users\SuperUser\.m2\repository\antlr\antlr\2.7.7\antlr-2.7.7.jar;C:\Users\SuperUser\.m2\repository\org\antlr\antlr4-runtime\4.8-1\antlr4-runtime-4.8-1.jar;C:\Users\SuperUser\.m2\repository\commons-beanutils\commons-beanutils\1.9.4\commons-beanutils-1.9.4.jar;C:\Users\SuperUser\.m2\repository\commons-logging\commons-logging\1.2\commons-logging-1.2.jar;C:\Users\SuperUser\.m2\repository\commons-collections\commons-collections\3.2.2\commons-collections-3.2.2.jar;C:\Users\SuperUser\.m2\repository\com\google\guava\guava\29.0-jre\guava-29.0-jre.jar;C:\Users\SuperUser\.m2\repository\com\google\guava\failureaccess\1.0.1\failureaccess-1.0.1.jar;C:\Users\SuperUser\.m2\repository\com\google\guava\listenablefuture\9999.0-empty-to-avoid-conflict-with-guava\listenablefuture-9999.0-empty-to-avoid-conflict-with-guava.jar;C:\Users\SuperUser\.m2\repository\com\google\code\findbugs\jsr305\3.0.2\jsr305-3.0.2.jar;C:\Users\SuperUser\.m2\repository\org\checkerframework\checker-qual\2.11.1\checker-qual-2.11.1.jar;C:\Users\SuperUser\.m2\repository\com\google\errorprone\error_prone_annotations\2.3.4\error_prone_annotations-2.3.4.jar;C:\Users\SuperUser\.m2\repository\com\google\j2objc\j2objc-annotations\1.3\j2objc-annotations-1.3.jar;C:\Users\SuperUser\.m2\repository\net\sf\saxon\Saxon-HE\9.9.1-7\Saxon-HE-9.9.1-7.jar;C:\Users\SuperUser\.m2\repository\org\junit\jupiter\junit-jupiter\5.6.2\junit-jupiter-5.6.2.jar;C:\Users\SuperUser\.m2\repository\org\junit\jupiter\junit-jupiter-params\5.6.2\junit-jupiter-params-5.6.2.jar;"/>
    <property name="java.vm.vendor" value="Oracle Corporation"/>
    <property name="sun.arch.data.model" value="64"/>
    <property name="user.variant" value=""/>
    <property name="java.vendor.url" value="https://java.oracle.com/"/>
    <property name="user.timezone" value="Europe/Moscow"/>
    <property name="os.name" value="Windows 10"/>
    <property name="java.vm.specification.version" value="15"/>
    <property name="sun.java.launcher" value="SUN_STANDARD"/>
    <property name="user.country" value="RU"/>
    <property name="sun.boot.library.path" value="C:\Users\SuperUser\.jdks\openjdk-15.0.2\bin"/>
    <property name="sun.java.command" value="C:\Users\SUPERU~1\AppData\Local\Temp\surefire12723787221584044868\surefirebooter18087233599623408917.jar C:\Users\SuperUser\AppData\Local\Temp\surefire12723787221584044868 2021-08-20T16-33-34_868-jvmRun1 surefire8603903138085284101tmp surefire_09042310306102092260tmp"/>
    <property name="jdk.debug" value="release"/>
    <property name="surefire.test.class.path" value="C:\Users\SuperUser\Desktop\java_basics\09_ArraysAndCollections\homework_9.2\TodoList\target\test-classes;C:\Users\SuperUser\Desktop\java_basics\09_ArraysAndCollections\homework_9.2\TodoList\target\classes;C:\Users\SuperUser\.m2\repository\org\junit\jupiter\junit-jupiter-api\5.6.2\junit-jupiter-api-5.6.2.jar;C:\Users\SuperUser\.m2\repository\org\apiguardian\apiguardian-api\1.1.0\apiguardian-api-1.1.0.jar;C:\Users\SuperUser\.m2\repository\org\opentest4j\opentest4j\1.2.0\opentest4j-1.2.0.jar;C:\Users\SuperUser\.m2\repository\org\junit\platform\junit-platform-commons\1.6.2\junit-platform-commons-1.6.2.jar;C:\Users\SuperUser\.m2\repository\org\junit\jupiter\junit-jupiter-engine\5.6.2\junit-jupiter-engine-5.6.2.jar;C:\Users\SuperUser\.m2\repository\org\junit\platform\junit-platform-engine\1.6.2\junit-platform-engine-1.6.2.jar;C:\Users\SuperUser\.m2\repository\com\puppycrawl\tools\checkstyle\8.34\checkstyle-8.34.jar;C:\Users\SuperUser\.m2\repository\info\picocli\picocli\4.3.2\picocli-4.3.2.jar;C:\Users\SuperUser\.m2\repository\antlr\antlr\2.7.7\antlr-2.7.7.jar;C:\Users\SuperUser\.m2\repository\org\antlr\antlr4-runtime\4.8-1\antlr4-runtime-4.8-1.jar;C:\Users\SuperUser\.m2\repository\commons-beanutils\commons-beanutils\1.9.4\commons-beanutils-1.9.4.jar;C:\Users\SuperUser\.m2\repository\commons-logging\commons-logging\1.2\commons-logging-1.2.jar;C:\Users\SuperUser\.m2\repository\commons-collections\commons-collections\3.2.2\commons-collections-3.2.2.jar;C:\Users\SuperUser\.m2\repository\com\google\guava\guava\29.0-jre\guava-29.0-jre.jar;C:\Users\SuperUser\.m2\repository\com\google\guava\failureaccess\1.0.1\failureaccess-1.0.1.jar;C:\Users\SuperUser\.m2\repository\com\google\guava\listenablefuture\9999.0-empty-to-avoid-conflict-with-guava\listenablefuture-9999.0-empty-to-avoid-conflict-with-guava.jar;C:\Users\SuperUser\.m2\repository\com\google\code\findbugs\jsr305\3.0.2\jsr305-3.0.2.jar;C:\Users\SuperUser\.m2\repository\org\checkerframework\checker-qual\2.11.1\checker-qual-2.11.1.jar;C:\Users\SuperUser\.m2\repository\com\google\errorprone\error_prone_annotations\2.3.4\error_prone_annotations-2.3.4.jar;C:\Users\SuperUser\.m2\repository\com\google\j2objc\j2objc-annotations\1.3\j2objc-annotations-1.3.jar;C:\Users\SuperUser\.m2\repository\net\sf\saxon\Saxon-HE\9.9.1-7\Saxon-HE-9.9.1-7.jar;C:\Users\SuperUser\.m2\repository\org\junit\jupiter\junit-jupiter\5.6.2\junit-jupiter-5.6.2.jar;C:\Users\SuperUser\.m2\repository\org\junit\jupiter\junit-jupiter-params\5.6.2\junit-jupiter-params-5.6.2.jar;"/>
    <property name="sun.cpu.endian" value="little"/>
    <property name="user.home" value="C:\Users\SuperUser"/>
    <property name="user.language" value="ru"/>
    <property name="java.specification.vendor" value="Oracle Corporation"/>
    <property name="java.version.date" value="2021-01-19"/>
    <property name="java.home" value="C:\Users\SuperUser\.jdks\openjdk-15.0.2"/>
    <property name="file.separator" value="\"/>
    <property name="basedir" value="C:\Users\SuperUser\Desktop\java_basics\09_ArraysAndCollections\homework_9.2\TodoList"/>
    <property name="java.vm.compressedOopsMode" value="32-bit"/>
    <property name="line.separator" value="&#10;"/>
    <property name="java.vm.specification.vendor" value="Oracle Corporation"/>
    <property name="java.specification.name" value="Java Platform API Specification"/>
    <property name="surefire.real.class.path" value="C:\Users\SUPERU~1\AppData\Local\Temp\surefire12723787221584044868\surefirebooter18087233599623408917.jar"/>
    <property name="user.script" value=""/>
    <property name="sun.management.compiler" value="HotSpot 64-Bit Tiered Compilers"/>
    <property name="java.runtime.version" value="15.0.2+7-27"/>
    <property name="user.name" value="SuperUser"/>
    <property name="path.separator" value=";"/>
    <property name="os.version" value="10.0"/>
    <property name="java.runtime.name" value="OpenJDK Runtime Environment"/>
    <property name="file.encoding" value="Cp1251"/>
    <property name="java.vm.name" value="OpenJDK 64-Bit Server VM"/>
    <property name="localRepository" value="C:\Users\SuperUser\.m2\repository"/>
    <property name="java.vendor.url.bug" value="https://bugreport.java.com/bugreport/"/>
    <property name="java.io.tmpdir" value="C:\Users\SUPERU~1\AppData\Local\Temp\"/>
    <property name="idea.version" value="2020.2.3"/>
    <property name="java.version" value="15.0.2"/>
    <property name="user.dir" value="C:\Users\SuperUser\Desktop\java_basics\09_ArraysAndCollections\homework_9.2\TodoList"/>
    <property name="os.arch" value="amd64"/>
    <property name="java.vm.specification.name" value="Java Virtual Machine Specification"/>
    <property name="sun.os.patch.level" value=""/>
    <property name="java.library.path" value="C:\Users\SuperUser\.jdks\openjdk-15.0.2\bin;C:\WINDOWS\Sun\Java\bin;C:\WINDOWS\system32;C:\WINDOWS;C:\Program Files\Common Files\Oracle\Java\javapath;C:\Program Files (x86)\Intel\iCLS Client\;C:\Program Files\Intel\iCLS Client\;C:\Windows\system32;C:\Windows;C:\Windows\System32\Wbem;C:\Windows\System32\WindowsPowerShell\v1.0\;C:\Program Files (x86)\Intel\Intel(R) Management Engine Components\DAL;C:\Program Files\Intel\Intel(R) Management Engine Components\DAL;C:\Program Files (x86)\Intel\Intel(R) Management Engine Components\IPT;C:\Program Files\Intel\Intel(R) Management Engine Components\IPT;C:\Program Files (x86)\NVIDIA Corporation\PhysX\Common;C:\WINDOWS\system32;C:\WINDOWS;C:\WINDOWS\System32\Wbem;C:\WINDOWS\System32\WindowsPowerShell\v1.0\;C:\WINDOWS\System32\OpenSSH\;C:\Program Files\Java\jdk-12.0.2\bin;C:\Program Files\Aladdin\eToken\PKIClient\x32;C:\Program Files\Aladdin\eToken\PKIClient\x64;C:\Program Files\Git\cmd;C:\Users\SuperUser\AppData\Local\Microsoft\WindowsApps;C:\Program Files\Java\jdk1.8.0_251\bin;;C:\Users\SuperUser\AppData\Local\Programs\Microsoft VS Code\bin;."/>
    <property name="java.vm.info" value="mixed mode, sharing"/>
    <property name="java.vendor" value="Oracle Corporation"/>
    <property name="java.vm.version" value="15.0.2+7-27"/>
    <property name="sun.io.unicode.encoding" value="UnicodeLittle"/>
    <property name="java.class.version" value="59.0"/>
  </properties>
  <testcase name="editNotExistTodo" classname="TodoListTest" time="0.043"/>
  <testcase name="addThreeTodos" classname="TodoListTest" time="0.03">
    <failure message="expected: &lt;[send email, learn java, create app]&gt; but was: &lt;[write issue, buy milk, send email, learn java, create app]&gt;" type="org.opentest4j.AssertionFailedError"><![CDATA[org.opentest4j.AssertionFailedError: expected: <[send email, learn java, create app]> but was: <[write issue, buy milk, send email, learn java, create app]>
	at TodoListTest.addThreeTodos(TodoListTest.java:38)
]]></failure>
    <system-out><![CDATA[Добавлено дело send email
Добавлено дело learn java
Добавлено дело create app
0 - write issue
1 - buy milk
2 - send email
3 - learn java
4 - create app
]]></system-out>
  </testcase>
  <testcase name="addTodoToNotExistIndex" classname="TodoListTest" time="0.009">
    <failure message="expected: &lt;[buy milk, write issue, create app, new todo]&gt; but was: &lt;[write issue, buy milk, send email, learn java, new todo, create app, buy milk, write issue, create app]&gt;" type="org.opentest4j.AssertionFailedError"><![CDATA[org.opentest4j.AssertionFailedError: expected: <[buy milk, write issue, create app, new todo]> but was: <[write issue, buy milk, send email, learn java, new todo, create app, buy milk, write issue, create app]>
	at TodoListTest.addTodoToNotExistIndex(TodoListTest.java:58)
]]></failure>
    <system-out><![CDATA[Добавлено дело buy milk
Добавлено дело write issue
Добавлено дело create app
Добавлено дело new todo
0 - write issue
1 - buy milk
2 - send email
3 - learn java
4 - new todo
5 - create app
6 - buy milk
7 - write issue
8 - create app
]]></system-out>
  </testcase>
  <testcase name="deleteExistTodo" classname="TodoListTest" time="0.01">
    <failure message="expected: &lt;[write issue, create app]&gt; but was: &lt;[write issue, send email, learn java, new todo, create app, buy milk, write issue, create app, write issue, learn java, create app]&gt;" type="org.opentest4j.AssertionFailedError"><![CDATA[org.opentest4j.AssertionFailedError: expected: <[write issue, create app]> but was: <[write issue, send email, learn java, new todo, create app, buy milk, write issue, create app, write issue, learn java, create app]>
	at TodoListTest.deleteExistTodo(TodoListTest.java:67)
]]></failure>
    <system-out><![CDATA[Добавлено дело write issue
Добавлено дело learn java
Добавлено дело create app
Дело buy milk удалено
0 - write issue
1 - send email
2 - learn java
3 - new todo
4 - create app
5 - buy milk
6 - write issue
7 - create app
8 - write issue
9 - learn java
10 - create app
]]></system-out>
  </testcase>
  <testcase name="editExistTodo" classname="TodoListTest" time="0.009">
    <failure message="expected: &lt;[write issue, new todo]&gt; but was: &lt;[write issue, new todo, learn java, new todo, create app, buy milk, write issue, create app, write issue, learn java, create app, write issue, buy milk]&gt;" type="org.opentest4j.AssertionFailedError"><![CDATA[org.opentest4j.AssertionFailedError: expected: <[write issue, new todo]> but was: <[write issue, new todo, learn java, new todo, create app, buy milk, write issue, create app, write issue, learn java, create app, write issue, buy milk]>
	at TodoListTest.editExistTodo(TodoListTest.java:86)
]]></failure>
    <system-out><![CDATA[Добавлено дело write issue
Добавлено дело buy milk
Дело send email заменено на new todo
0 - write issue
1 - new todo
2 - learn java
3 - new todo
4 - create app
5 - buy milk
6 - write issue
7 - create app
8 - write issue
9 - learn java
10 - create app
11 - write issue
12 - buy milk
]]></system-out>
  </testcase>
  <testcase name="addSingleTodo" classname="TodoListTest" time="0.005">
    <failure message="expected: &lt;[first added todo]&gt; but was: &lt;[write issue, new todo, learn java, new todo, create app, buy milk, write issue, create app, write issue, learn java, create app, write issue, buy milk, first added todo]&gt;" type="org.opentest4j.AssertionFailedError"><![CDATA[org.opentest4j.AssertionFailedError: expected: <[first added todo]> but was: <[write issue, new todo, learn java, new todo, create app, buy milk, write issue, create app, write issue, learn java, create app, write issue, buy milk, first added todo]>
	at TodoListTest.addSingleTodo(TodoListTest.java:30)
]]></failure>
    <system-out><![CDATA[Добавлено дело first added todo
0 - write issue
1 - new todo
2 - learn java
3 - new todo
4 - create app
5 - buy milk
6 - write issue
7 - create app
8 - write issue
9 - learn java
10 - create app
11 - write issue
12 - buy milk
13 - first added todo
]]></system-out>
  </testcase>
  <testcase name="deleteNotExistTodo" classname="TodoListTest" time="0.006">
    <failure message="expected: &lt;[learn java, learn java, learn java, send email, send email]&gt; but was: &lt;[write issue, new todo, learn java, new todo, create app, write issue, create app, write issue, learn java, create app, write issue, buy milk, first added todo, learn java, learn java, learn java, send email, send email]&gt;" type="org.opentest4j.AssertionFailedError"><![CDATA[org.opentest4j.AssertionFailedError: expected: <[learn java, learn java, learn java, send email, send email]> but was: <[write issue, new todo, learn java, new todo, create app, write issue, create app, write issue, learn java, create app, write issue, buy milk, first added todo, learn java, learn java, learn java, send email, send email]>
	at TodoListTest.deleteNotExistTodo(TodoListTest.java:76)
]]></failure>
    <system-out><![CDATA[Добавлено дело learn java
Добавлено дело learn java
Добавлено дело learn java
Добавлено дело send email
Добавлено дело send email
Дело buy milk удалено
0 - write issue
1 - new todo
2 - learn java
3 - new todo
4 - create app
5 - write issue
6 - create app
7 - write issue
8 - learn java
9 - create app
10 - write issue
11 - buy milk
12 - first added todo
13 - learn java
14 - learn java
15 - learn java
16 - send email
17 - send email
]]></system-out>
  </testcase>
  <testcase name="addTodoToExistIndex" classname="TodoListTest" time="0.022">
    <failure message="expected: &lt;[send email, new todo, send email, create app]&gt; but was: &lt;[write issue, new todo, new todo, learn java, new todo, create app, write issue, create app, write issue, learn java, create app, write issue, buy milk, first added todo, learn java, learn java, learn java, send email, send email, send email, send email, create app]&gt;" type="org.opentest4j.AssertionFailedError"><![CDATA[org.opentest4j.AssertionFailedError: expected: <[send email, new todo, send email, create app]> but was: <[write issue, new todo, new todo, learn java, new todo, create app, write issue, create app, write issue, learn java, create app, write issue, buy milk, first added todo, learn java, learn java, learn java, send email, send email, send email, send email, create app]>
	at TodoListTest.addTodoToExistIndex(TodoListTest.java:48)
]]></failure>
    <system-out><![CDATA[Добавлено дело send email
Добавлено дело send email
Добавлено дело create app
Добавлено дело new todo
0 - write issue
1 - new todo
2 - new todo
3 - learn java
4 - new todo
5 - create app
6 - write issue
7 - create app
8 - write issue
9 - learn java
10 - create app
11 - write issue
12 - buy milk
13 - first added todo
14 - learn java
15 - learn java
16 - learn java
17 - send email
18 - send email
19 - send email
20 - send email
21 - create app
]]></system-out>
  </testcase>
</testsuite>