<?xml version="1.0" encoding="UTF-8"?>
<testsuite xmlns:xsi="http://www.w3.org/2001/XMLSchema-instance" xsi:noNamespaceSchemaLocation="https://maven.apache.org/surefire/maven-surefire-plugin/xsd/surefire-test-report.xsd" name="TodoListTest" time="0.143" tests="8" errors="0" skipped="0" failures="7">
  <properties>
[...]
</properties>
  <testcase name="editNotExistTodo" classname="TodoListTest" time="0.043"/>
  <testcase name="addThreeTodos" classname="TodoListTest" time="0.03">
    <failure message="expected: &lt;[send email, learn java, create app]&gt; but was: &lt;[write issue, buy milk, send email, learn java, create app]&gt;" type="org.opentest4j.AssertionFailedError"><![CDATA[org.opentest4j.AssertionFailedError: expected: <[send email, learn java, create app]> but was: <[write issue, buy milk, send email, learn java, create app]>
	at TodoListTest.addThreeTodos(TodoListTest.java:38)
]]></failure>
    <system-out><![CDATA[Добавлено дело send email
Добавлено дело learn java
Добавлено дело create app
0 - write issue
1 - buy milk
2 - send email
3 - learn java
4 - create app
]]></system-out>
  </testcase>
  <testcase name="addTodoToNotExistIndex" classname="TodoListTest" time="0.009">
    <failure message="expected: &lt;[buy milk, write issue, create app, new todo]&gt; but was: &lt;[write issue, buy milk, send email, learn java, new todo, create app, buy milk, write issue, create app]&gt;" type="org.opentest4j.AssertionFailedError"><![CDATA[org.opentest4j.AssertionFailedError: expected: <[buy milk, write issue, create app, new todo]> but was: <[write issue, buy milk, send email, learn java, new todo, create app, buy milk, write issue, create app]>
	at TodoListTest.addTodoToNotExistIndex(TodoListTest.java:58)
]]></failure>
    <system-out><![CDATA[Добавлено дело buy milk
Добавлено дело write issue
Добавлено дело create app
Добавлено дело new todo
0 - write issue
1 - buy milk
2 - send email
3 - learn java
4 - new todo
5 - create app
6 - buy milk
7 - write issue
8 - create app
]]></system-out>
  </testcase>
  <testcase name="deleteExistTodo" classname="TodoListTest" time="0.01">
    <failure message="expected: &lt;[write issue, create app]&gt; but was: &lt;[write issue, send email, learn java, new todo, create app, buy milk, write issue, create app, write issue, learn java, create app]&gt;" type="org.opentest4j.AssertionFailedError"><![CDATA[org.opentest4j.AssertionFailedError: expected: <[write issue, create app]> but was: <[write issue, send email, learn java, new todo, create app, buy milk, write issue, create app, write issue, learn java, create app]>
	at TodoListTest.deleteExistTodo(TodoListTest.java:67)
]]></failure>
    <system-out><![CDATA[Добавлено дело write issue
Добавлено дело learn java
Добавлено дело create app
Дело buy milk удалено
0 - write issue
1 - send email
2 - learn java
3 - new todo
4 - create app
5 - buy milk
6 - write issue
7 - create app
8 - write issue
9 - learn java
10 - create app
]]></system-out>
  </testcase>
  <testcase name="editExistTodo" classname="TodoListTest" time="0.009">
    <failure message="expected: &lt;[write issue, new todo]&gt; but was: &lt;[write issue, new todo, learn java, new todo, create app, buy milk, write issue, create app, write issue, learn java, create app, write issue, buy milk]&gt;" type="org.opentest4j.AssertionFailedError"><![CDATA[org.opentest4j.AssertionFailedError: expected: <[write issue, new todo]> but was: <[write issue, new todo, learn java, new todo, create app, buy milk, write issue, create app, write issue, learn java, create app, write issue, buy milk]>
	at TodoListTest.editExistTodo(TodoListTest.java:86)
]]></failure>
    <system-out><![CDATA[Добавлено дело write issue
Добавлено дело buy milk
Дело send email заменено на new todo
0 - write issue
1 - new todo
2 - learn java
3 - new todo
4 - create app
5 - buy milk
6 - write issue
7 - create app
8 - write issue
9 - learn java
10 - create app
11 - write issue
12 - buy milk
]]></system-out>
  </testcase>
  <testcase name="addSingleTodo" classname="TodoListTest" time="0.005">
    <failure message="expected: &lt;[first added todo]&gt; but was: &lt;[write issue, new todo, learn java, new todo, create app, buy milk, write issue, create app, write issue, learn java, create app, write issue, buy milk, first added todo]&gt;" type="org.opentest4j.AssertionFailedError"><![CDATA[org.opentest4j.AssertionFailedError: expected: <[first added todo]> but was: <[write issue, new todo, learn java, new todo, create app, buy milk, write issue, create app, write issue, learn java, create app, write issue, buy milk, first added todo]>
	at TodoListTest.addSingleTodo(TodoListTest.java:30)
]]></failure>
    <system-out><![CDATA[Добавлено дело first added todo
0 - write issue
1 - new todo
2 - learn java
3 - new todo
4 - create app
5 - buy milk
6 - write issue
7 - create app
8 - write issue
9 - learn java
10 - create app
11 - write issue
12 - buy milk
13 - first added todo
]]></system-out>
  </testcase>
  <testcase name="deleteNotExistTodo" classname="TodoListTest" time="0.006">
    <failure message="expected: &lt;[learn java, learn java, learn java, send email, send email]&gt; but was: &lt;[write issue, new todo, learn java, new todo, create app, write issue, create app, write issue, learn java, create app, write issue, buy milk, first added todo, learn java, learn java, learn java, send email, send email]&gt;" type="org.opentest4j.AssertionFailedError"><![CDATA[org.opentest4j.AssertionFailedError: expected: <[learn java, learn java, learn java, send email, send email]> but was: <[write issue, new todo, learn java, new todo, create app, write issue, create app, write issue, learn java, create app, write issue, buy milk, first added todo, learn java, learn java, learn java, send email, send email]>
	at TodoListTest.deleteNotExistTodo(TodoListTest.java:76)
]]></failure>
    <system-out><![CDATA[Добавлено дело learn java
Добавлено дело learn java
Добавлено дело learn java
Добавлено дело send email
Добавлено дело send email
Дело buy milk удалено
0 - write issue
1 - new todo
2 - learn java
3 - new todo
4 - create app
5 - write issue
6 - create app
7 - write issue
8 - learn java
9 - create app
10 - write issue
11 - buy milk
12 - first added todo
13 - learn java
14 - learn java
15 - learn java
16 - send email
17 - send email
]]></system-out>
  </testcase>
  <testcase name="addTodoToExistIndex" classname="TodoListTest" time="0.022">
    <failure message="expected: &lt;[send email, new todo, send email, create app]&gt; but was: &lt;[write issue, new todo, new todo, learn java, new todo, create app, write issue, create app, write issue, learn java, create app, write issue, buy milk, first added todo, learn java, learn java, learn java, send email, send email, send email, send email, create app]&gt;" type="org.opentest4j.AssertionFailedError"><![CDATA[org.opentest4j.AssertionFailedError: expected: <[send email, new todo, send email, create app]> but was: <[write issue, new todo, new todo, learn java, new todo, create app, write issue, create app, write issue, learn java, create app, write issue, buy milk, first added todo, learn java, learn java, learn java, send email, send email, send email, send email, create app]>
	at TodoListTest.addTodoToExistIndex(TodoListTest.java:48)
]]></failure>
    <system-out><![CDATA[Добавлено дело send email
Добавлено дело send email
Добавлено дело create app
Добавлено дело new todo
0 - write issue
1 - new todo
2 - new todo
3 - learn java
4 - new todo
5 - create app
6 - write issue
7 - create app
8 - write issue
9 - learn java
10 - create app
11 - write issue
12 - buy milk
13 - first added todo
14 - learn java
15 - learn java
16 - learn java
17 - send email
18 - send email
19 - send email
20 - send email
21 - create app
]]></system-out>
  </testcase>
</testsuite>